[2021-05-12 08:48:31,240] multiqc                                            [DEBUG  ]  No MultiQC config found: /home/amosmuench/Pipeline17092020/.snakemake/conda/b1e31d37/lib/python3.8/site-packages/multiqc_config.yaml
[2021-05-12 08:48:31,241] multiqc                                            [DEBUG  ]  No MultiQC config found: /home/amosmuench/.multiqc_config.yaml
[2021-05-12 08:48:31,241] multiqc                                            [DEBUG  ]  No MultiQC config found: multiqc_config.yaml
[2021-05-12 08:48:31,241] multiqc                                            [DEBUG  ]  Command used: /home/amosmuench/Pipeline17092020/.snakemake/conda/b1e31d37/bin/multiqc PRJNA176940/QC/ -o PRJNA176940/QC_aggregated/
[2021-05-12 08:48:31,613] multiqc                                            [WARNING]  MultiQC Version v1.10.1 now available!
[2021-05-12 08:48:31,613] multiqc                                            [INFO   ]  This is MultiQC v1.9
[2021-05-12 08:48:31,613] multiqc                                            [DEBUG  ]  Command     : /home/amosmuench/Pipeline17092020/.snakemake/conda/b1e31d37/bin/multiqc PRJNA176940/QC/ -o PRJNA176940/QC_aggregated/
[2021-05-12 08:48:31,613] multiqc                                            [DEBUG  ]  Working dir : /home/amosmuench/Pipeline17092020
[2021-05-12 08:48:31,613] multiqc                                            [INFO   ]  Template    : default
[2021-05-12 08:48:31,613] multiqc                                            [DEBUG  ]  Running Python 3.8.5 | packaged by conda-forge | (default, Sep 16 2020, 18:01:20)  [GCC 7.5.0]
[2021-05-12 08:48:31,613] multiqc                                            [INFO   ]  Searching   : /home/amosmuench/Pipeline17092020/PRJNA176940/QC
[2021-05-12 08:48:31,614] multiqc                                            [DEBUG  ]  Analysing modules: custom_content, conpair, peddy, somalier, methylQA, mosdepth, phantompeakqualtools, qualimap, preseq, quast, qorts, rna_seqc, rockhopper, rsem, rseqc, busco, goleft_indexcov, disambiguate, supernova, deeptools, sargasso, verifybamid, mirtrace, happy, mirtop, homer, macs2, theta2, snpeff, gatk, htseq, bcftools, featureCounts, fgbio, dragen, dedup, damageprofiler, biobambam2, mtnucratio, picard, prokka, samblaster, samtools, sexdeterrmine, bamtools, jellyfish, vcftools, longranger, stacks, varscan2, bbmap, bismark, biscuit, hicexplorer, hicup, hicpro, salmon, kallisto, slamdunk, star, hisat2, tophat, bowtie2, bowtie1, snpsplit, kat, leehom, adapterRemoval, clipandmerge, cutadapt, flexbar, kaiju, kraken, malt, trimmomatic, sickle, skewer, sortmerna, biobloomtools, fastq_screen, afterqc, fastp, fastqc, pycoqc, minionqc, multivcfanalyzer, clusterflow, bcl2fastq, interop, ivar, flash, seqyclean
[2021-05-12 08:48:31,614] multiqc                                            [DEBUG  ]  Using temporary directory for creating report: /tmp/tmp42daqza7
[2021-05-12 08:48:31,859] multiqc                                            [DEBUG  ]  File ignored by hicexplorer because it exceeded search pattern filesize limit: SRR584116_fastqc.html
[2021-05-12 08:48:31,871] multiqc                                            [DEBUG  ]  File ignored by longranger/invocation because it exceeded search pattern filesize limit: SRR584116_fastqc.html
[2021-05-12 08:48:31,871] multiqc                                            [DEBUG  ]  File ignored by rockhopper because it exceeded search pattern filesize limit: SRR584116_fastqc.html
[2021-05-12 08:48:31,871] multiqc                                            [DEBUG  ]  File ignored by rseqc/bam_stat because it exceeded search pattern filesize limit: SRR584116_fastqc.html
[2021-05-12 08:48:31,871] multiqc                                            [DEBUG  ]  File ignored by rseqc/junction_annotation because it exceeded search pattern filesize limit: SRR584116_fastqc.html
[2021-05-12 08:48:31,871] multiqc                                            [DEBUG  ]  File ignored by rseqc/read_distribution because it exceeded search pattern filesize limit: SRR584116_fastqc.html
[2021-05-12 08:48:31,871] multiqc                                            [DEBUG  ]  File ignored by rseqc/infer_experiment because it exceeded search pattern filesize limit: SRR584116_fastqc.html
[2021-05-12 08:48:31,968] multiqc                                            [DEBUG  ]  File ignored by hicexplorer because it exceeded search pattern filesize limit: SRR584120_fastqc.html
[2021-05-12 08:48:31,978] multiqc                                            [DEBUG  ]  File ignored by longranger/invocation because it exceeded search pattern filesize limit: SRR584120_fastqc.html
[2021-05-12 08:48:31,978] multiqc                                            [DEBUG  ]  File ignored by rockhopper because it exceeded search pattern filesize limit: SRR584120_fastqc.html
[2021-05-12 08:48:31,978] multiqc                                            [DEBUG  ]  File ignored by rseqc/bam_stat because it exceeded search pattern filesize limit: SRR584120_fastqc.html
[2021-05-12 08:48:31,978] multiqc                                            [DEBUG  ]  File ignored by rseqc/junction_annotation because it exceeded search pattern filesize limit: SRR584120_fastqc.html
[2021-05-12 08:48:31,978] multiqc                                            [DEBUG  ]  File ignored by rseqc/read_distribution because it exceeded search pattern filesize limit: SRR584120_fastqc.html
[2021-05-12 08:48:31,978] multiqc                                            [DEBUG  ]  File ignored by rseqc/infer_experiment because it exceeded search pattern filesize limit: SRR584120_fastqc.html
[2021-05-12 08:48:32,072] multiqc                                            [DEBUG  ]  File ignored by hicexplorer because it exceeded search pattern filesize limit: SRR584124_fastqc.html
[2021-05-12 08:48:32,083] multiqc                                            [DEBUG  ]  File ignored by longranger/invocation because it exceeded search pattern filesize limit: SRR584124_fastqc.html
[2021-05-12 08:48:32,083] multiqc                                            [DEBUG  ]  File ignored by rockhopper because it exceeded search pattern filesize limit: SRR584124_fastqc.html
[2021-05-12 08:48:32,083] multiqc                                            [DEBUG  ]  File ignored by rseqc/bam_stat because it exceeded search pattern filesize limit: SRR584124_fastqc.html
[2021-05-12 08:48:32,083] multiqc                                            [DEBUG  ]  File ignored by rseqc/junction_annotation because it exceeded search pattern filesize limit: SRR584124_fastqc.html
[2021-05-12 08:48:32,083] multiqc                                            [DEBUG  ]  File ignored by rseqc/read_distribution because it exceeded search pattern filesize limit: SRR584124_fastqc.html
[2021-05-12 08:48:32,083] multiqc                                            [DEBUG  ]  File ignored by rseqc/infer_experiment because it exceeded search pattern filesize limit: SRR584124_fastqc.html
[2021-05-12 08:48:32,177] multiqc                                            [DEBUG  ]  File ignored by hicexplorer because it exceeded search pattern filesize limit: SRR584117_fastqc.html
[2021-05-12 08:48:32,186] multiqc                                            [DEBUG  ]  File ignored by longranger/invocation because it exceeded search pattern filesize limit: SRR584117_fastqc.html
[2021-05-12 08:48:32,186] multiqc                                            [DEBUG  ]  File ignored by rockhopper because it exceeded search pattern filesize limit: SRR584117_fastqc.html
[2021-05-12 08:48:32,186] multiqc                                            [DEBUG  ]  File ignored by rseqc/bam_stat because it exceeded search pattern filesize limit: SRR584117_fastqc.html
[2021-05-12 08:48:32,186] multiqc                                            [DEBUG  ]  File ignored by rseqc/junction_annotation because it exceeded search pattern filesize limit: SRR584117_fastqc.html
[2021-05-12 08:48:32,186] multiqc                                            [DEBUG  ]  File ignored by rseqc/read_distribution because it exceeded search pattern filesize limit: SRR584117_fastqc.html
[2021-05-12 08:48:32,186] multiqc                                            [DEBUG  ]  File ignored by rseqc/infer_experiment because it exceeded search pattern filesize limit: SRR584117_fastqc.html
[2021-05-12 08:48:32,274] multiqc                                            [DEBUG  ]  File ignored by hicexplorer because it exceeded search pattern filesize limit: SRR584115_fastqc.html
[2021-05-12 08:48:32,283] multiqc                                            [DEBUG  ]  File ignored by longranger/invocation because it exceeded search pattern filesize limit: SRR584115_fastqc.html
[2021-05-12 08:48:32,283] multiqc                                            [DEBUG  ]  File ignored by rockhopper because it exceeded search pattern filesize limit: SRR584115_fastqc.html
[2021-05-12 08:48:32,283] multiqc                                            [DEBUG  ]  File ignored by rseqc/bam_stat because it exceeded search pattern filesize limit: SRR584115_fastqc.html
[2021-05-12 08:48:32,283] multiqc                                            [DEBUG  ]  File ignored by rseqc/junction_annotation because it exceeded search pattern filesize limit: SRR584115_fastqc.html
[2021-05-12 08:48:32,283] multiqc                                            [DEBUG  ]  File ignored by rseqc/read_distribution because it exceeded search pattern filesize limit: SRR584115_fastqc.html
[2021-05-12 08:48:32,283] multiqc                                            [DEBUG  ]  File ignored by rseqc/infer_experiment because it exceeded search pattern filesize limit: SRR584115_fastqc.html
[2021-05-12 08:48:32,370] multiqc                                            [DEBUG  ]  File ignored by hicexplorer because it exceeded search pattern filesize limit: SRR584119_fastqc.html
[2021-05-12 08:48:32,379] multiqc                                            [DEBUG  ]  File ignored by longranger/invocation because it exceeded search pattern filesize limit: SRR584119_fastqc.html
[2021-05-12 08:48:32,380] multiqc                                            [DEBUG  ]  File ignored by rockhopper because it exceeded search pattern filesize limit: SRR584119_fastqc.html
[2021-05-12 08:48:32,380] multiqc                                            [DEBUG  ]  File ignored by rseqc/bam_stat because it exceeded search pattern filesize limit: SRR584119_fastqc.html
[2021-05-12 08:48:32,380] multiqc                                            [DEBUG  ]  File ignored by rseqc/junction_annotation because it exceeded search pattern filesize limit: SRR584119_fastqc.html
[2021-05-12 08:48:32,380] multiqc                                            [DEBUG  ]  File ignored by rseqc/read_distribution because it exceeded search pattern filesize limit: SRR584119_fastqc.html
[2021-05-12 08:48:32,380] multiqc                                            [DEBUG  ]  File ignored by rseqc/infer_experiment because it exceeded search pattern filesize limit: SRR584119_fastqc.html
[2021-05-12 08:48:32,458] multiqc                                            [DEBUG  ]  File ignored by hicexplorer because it exceeded search pattern filesize limit: SRR584123_fastqc.html
[2021-05-12 08:48:32,467] multiqc                                            [DEBUG  ]  File ignored by longranger/invocation because it exceeded search pattern filesize limit: SRR584123_fastqc.html
[2021-05-12 08:48:32,467] multiqc                                            [DEBUG  ]  File ignored by rockhopper because it exceeded search pattern filesize limit: SRR584123_fastqc.html
[2021-05-12 08:48:32,467] multiqc                                            [DEBUG  ]  File ignored by rseqc/bam_stat because it exceeded search pattern filesize limit: SRR584123_fastqc.html
[2021-05-12 08:48:32,467] multiqc                                            [DEBUG  ]  File ignored by rseqc/junction_annotation because it exceeded search pattern filesize limit: SRR584123_fastqc.html
[2021-05-12 08:48:32,467] multiqc                                            [DEBUG  ]  File ignored by rseqc/read_distribution because it exceeded search pattern filesize limit: SRR584123_fastqc.html
[2021-05-12 08:48:32,467] multiqc                                            [DEBUG  ]  File ignored by rseqc/infer_experiment because it exceeded search pattern filesize limit: SRR584123_fastqc.html
[2021-05-12 08:48:32,542] multiqc                                            [DEBUG  ]  File ignored by hicexplorer because it exceeded search pattern filesize limit: SRR584126_fastqc.html
[2021-05-12 08:48:32,552] multiqc                                            [DEBUG  ]  File ignored by longranger/invocation because it exceeded search pattern filesize limit: SRR584126_fastqc.html
[2021-05-12 08:48:32,552] multiqc                                            [DEBUG  ]  File ignored by rockhopper because it exceeded search pattern filesize limit: SRR584126_fastqc.html
[2021-05-12 08:48:32,552] multiqc                                            [DEBUG  ]  File ignored by rseqc/bam_stat because it exceeded search pattern filesize limit: SRR584126_fastqc.html
[2021-05-12 08:48:32,552] multiqc                                            [DEBUG  ]  File ignored by rseqc/junction_annotation because it exceeded search pattern filesize limit: SRR584126_fastqc.html
[2021-05-12 08:48:32,553] multiqc                                            [DEBUG  ]  File ignored by rseqc/read_distribution because it exceeded search pattern filesize limit: SRR584126_fastqc.html
[2021-05-12 08:48:32,553] multiqc                                            [DEBUG  ]  File ignored by rseqc/infer_experiment because it exceeded search pattern filesize limit: SRR584126_fastqc.html
[2021-05-12 08:48:32,636] multiqc                                            [DEBUG  ]  File ignored by hicexplorer because it exceeded search pattern filesize limit: SRR584118_fastqc.html
[2021-05-12 08:48:32,645] multiqc                                            [DEBUG  ]  File ignored by longranger/invocation because it exceeded search pattern filesize limit: SRR584118_fastqc.html
[2021-05-12 08:48:32,645] multiqc                                            [DEBUG  ]  File ignored by rockhopper because it exceeded search pattern filesize limit: SRR584118_fastqc.html
[2021-05-12 08:48:32,645] multiqc                                            [DEBUG  ]  File ignored by rseqc/bam_stat because it exceeded search pattern filesize limit: SRR584118_fastqc.html
[2021-05-12 08:48:32,645] multiqc                                            [DEBUG  ]  File ignored by rseqc/junction_annotation because it exceeded search pattern filesize limit: SRR584118_fastqc.html
[2021-05-12 08:48:32,645] multiqc                                            [DEBUG  ]  File ignored by rseqc/read_distribution because it exceeded search pattern filesize limit: SRR584118_fastqc.html
[2021-05-12 08:48:32,645] multiqc                                            [DEBUG  ]  File ignored by rseqc/infer_experiment because it exceeded search pattern filesize limit: SRR584118_fastqc.html
[2021-05-12 08:48:32,729] multiqc                                            [DEBUG  ]  File ignored by hicexplorer because it exceeded search pattern filesize limit: SRR584121_fastqc.html
[2021-05-12 08:48:32,737] multiqc                                            [DEBUG  ]  File ignored by longranger/invocation because it exceeded search pattern filesize limit: SRR584121_fastqc.html
[2021-05-12 08:48:32,737] multiqc                                            [DEBUG  ]  File ignored by rockhopper because it exceeded search pattern filesize limit: SRR584121_fastqc.html
[2021-05-12 08:48:32,737] multiqc                                            [DEBUG  ]  File ignored by rseqc/bam_stat because it exceeded search pattern filesize limit: SRR584121_fastqc.html
[2021-05-12 08:48:32,737] multiqc                                            [DEBUG  ]  File ignored by rseqc/junction_annotation because it exceeded search pattern filesize limit: SRR584121_fastqc.html
[2021-05-12 08:48:32,737] multiqc                                            [DEBUG  ]  File ignored by rseqc/read_distribution because it exceeded search pattern filesize limit: SRR584121_fastqc.html
[2021-05-12 08:48:32,737] multiqc                                            [DEBUG  ]  File ignored by rseqc/infer_experiment because it exceeded search pattern filesize limit: SRR584121_fastqc.html
[2021-05-12 08:48:32,823] multiqc                                            [DEBUG  ]  File ignored by hicexplorer because it exceeded search pattern filesize limit: SRR584122_fastqc.html
[2021-05-12 08:48:32,831] multiqc                                            [DEBUG  ]  File ignored by longranger/invocation because it exceeded search pattern filesize limit: SRR584122_fastqc.html
[2021-05-12 08:48:32,831] multiqc                                            [DEBUG  ]  File ignored by rockhopper because it exceeded search pattern filesize limit: SRR584122_fastqc.html
[2021-05-12 08:48:32,831] multiqc                                            [DEBUG  ]  File ignored by rseqc/bam_stat because it exceeded search pattern filesize limit: SRR584122_fastqc.html
[2021-05-12 08:48:32,831] multiqc                                            [DEBUG  ]  File ignored by rseqc/junction_annotation because it exceeded search pattern filesize limit: SRR584122_fastqc.html
[2021-05-12 08:48:32,831] multiqc                                            [DEBUG  ]  File ignored by rseqc/read_distribution because it exceeded search pattern filesize limit: SRR584122_fastqc.html
[2021-05-12 08:48:32,831] multiqc                                            [DEBUG  ]  File ignored by rseqc/infer_experiment because it exceeded search pattern filesize limit: SRR584122_fastqc.html
[2021-05-12 08:48:32,920] multiqc                                            [DEBUG  ]  File ignored by hicexplorer because it exceeded search pattern filesize limit: SRR584125_fastqc.html
[2021-05-12 08:48:32,929] multiqc                                            [DEBUG  ]  File ignored by longranger/invocation because it exceeded search pattern filesize limit: SRR584125_fastqc.html
[2021-05-12 08:48:32,929] multiqc                                            [DEBUG  ]  File ignored by rockhopper because it exceeded search pattern filesize limit: SRR584125_fastqc.html
[2021-05-12 08:48:32,929] multiqc                                            [DEBUG  ]  File ignored by rseqc/bam_stat because it exceeded search pattern filesize limit: SRR584125_fastqc.html
[2021-05-12 08:48:32,929] multiqc                                            [DEBUG  ]  File ignored by rseqc/junction_annotation because it exceeded search pattern filesize limit: SRR584125_fastqc.html
[2021-05-12 08:48:32,929] multiqc                                            [DEBUG  ]  File ignored by rseqc/read_distribution because it exceeded search pattern filesize limit: SRR584125_fastqc.html
[2021-05-12 08:48:32,929] multiqc                                            [DEBUG  ]  File ignored by rseqc/infer_experiment because it exceeded search pattern filesize limit: SRR584125_fastqc.html
[2021-05-12 08:48:34,728] multiqc.plots.bargraph                             [DEBUG  ]  Using matplotlib version 3.3.2
[2021-05-12 08:48:34,739] multiqc.plots.linegraph                            [DEBUG  ]  Using matplotlib version 3.3.2
[2021-05-12 08:48:34,742] multiqc                                            [DEBUG  ]  No samples found: custom_content
[2021-05-12 08:48:34,770] multiqc                                            [DEBUG  ]  No samples found: conpair
[2021-05-12 08:48:34,793] multiqc                                            [DEBUG  ]  No samples found: peddy
[2021-05-12 08:48:34,813] multiqc                                            [DEBUG  ]  No samples found: somalier
[2021-05-12 08:48:34,832] multiqc                                            [DEBUG  ]  No samples found: methylQA
[2021-05-12 08:48:34,869] multiqc                                            [DEBUG  ]  No samples found: mosdepth
[2021-05-12 08:48:34,876] multiqc                                            [DEBUG  ]  No samples found: phantompeakqualtools
[2021-05-12 08:48:34,883] multiqc                                            [DEBUG  ]  No samples found: qualimap
[2021-05-12 08:48:34,906] multiqc                                            [DEBUG  ]  No samples found: preseq
[2021-05-12 08:48:34,927] multiqc                                            [DEBUG  ]  No samples found: quast
[2021-05-12 08:48:34,950] multiqc                                            [DEBUG  ]  No samples found: qorts
[2021-05-12 08:48:34,964] multiqc                                            [DEBUG  ]  No samples found: rna_seqc
[2021-05-12 08:48:34,976] multiqc                                            [DEBUG  ]  No samples found: rockhopper
[2021-05-12 08:48:34,989] multiqc                                            [DEBUG  ]  No samples found: rsem
[2021-05-12 08:48:35,008] multiqc                                            [DEBUG  ]  No samples found: rseqc
[2021-05-12 08:48:35,015] multiqc                                            [DEBUG  ]  No samples found: busco
[2021-05-12 08:48:35,029] multiqc                                            [DEBUG  ]  No samples found: goleft_indexcov
[2021-05-12 08:48:35,036] multiqc                                            [DEBUG  ]  No samples found: disambiguate
[2021-05-12 08:48:35,054] multiqc                                            [DEBUG  ]  No samples found: supernova
[2021-05-12 08:48:35,105] multiqc                                            [DEBUG  ]  No samples found: deeptools
[2021-05-12 08:48:35,123] multiqc                                            [DEBUG  ]  No samples found: sargasso
[2021-05-12 08:48:35,140] multiqc                                            [DEBUG  ]  No samples found: verifybamid
[2021-05-12 08:48:35,149] multiqc                                            [DEBUG  ]  No samples found: mirtrace
[2021-05-12 08:48:35,162] multiqc                                            [DEBUG  ]  No samples found: happy
[2021-05-12 08:48:35,181] multiqc                                            [DEBUG  ]  No samples found: mirtop
[2021-05-12 08:48:35,209] multiqc                                            [DEBUG  ]  No samples found: homer
[2021-05-12 08:48:35,222] multiqc                                            [DEBUG  ]  No samples found: macs2
[2021-05-12 08:48:35,229] multiqc                                            [DEBUG  ]  No samples found: theta2
[2021-05-12 08:48:35,251] multiqc                                            [DEBUG  ]  No samples found: snpeff
[2021-05-12 08:48:35,283] multiqc                                            [DEBUG  ]  No samples found: gatk
[2021-05-12 08:48:35,290] multiqc                                            [DEBUG  ]  No samples found: htseq
[2021-05-12 08:48:35,313] multiqc                                            [DEBUG  ]  No samples found: bcftools
[2021-05-12 08:48:35,320] multiqc                                            [DEBUG  ]  No samples found: featureCounts
[2021-05-12 08:48:35,342] multiqc                                            [DEBUG  ]  No samples found: fgbio
[2021-05-12 08:48:35,405] multiqc                                            [DEBUG  ]  No samples found: dragen
[2021-05-12 08:48:35,414] multiqc                                            [DEBUG  ]  No samples found: dedup
[2021-05-12 08:48:35,437] multiqc                                            [DEBUG  ]  No samples found: damageprofiler
[2021-05-12 08:48:35,573] multiqc                                            [DEBUG  ]  No samples found: biobambam2
[2021-05-12 08:48:35,580] multiqc                                            [DEBUG  ]  No samples found: mtnucratio
[2021-05-12 08:48:35,582] multiqc                                            [DEBUG  ]  No samples found: picard
[2021-05-12 08:48:35,599] multiqc                                            [DEBUG  ]  No samples found: prokka
[2021-05-12 08:48:35,605] multiqc                                            [DEBUG  ]  No samples found: samblaster
[2021-05-12 08:48:35,637] multiqc                                            [DEBUG  ]  No samples found: samtools
[2021-05-12 08:48:35,654] multiqc                                            [DEBUG  ]  No samples found: sexdeterrmine
[2021-05-12 08:48:35,663] multiqc                                            [DEBUG  ]  No samples found: bamtools
[2021-05-12 08:48:35,670] multiqc                                            [DEBUG  ]  No samples found: jellyfish
[2021-05-12 08:48:35,686] multiqc                                            [DEBUG  ]  No samples found: vcftools
[2021-05-12 08:48:35,714] multiqc                                            [DEBUG  ]  No samples found: longranger
[2021-05-12 08:48:35,726] multiqc                                            [DEBUG  ]  No samples found: stacks
[2021-05-12 08:48:35,740] multiqc                                            [DEBUG  ]  No samples found: varscan2
[2021-05-12 08:48:35,782] multiqc                                            [DEBUG  ]  No samples found: bbmap
[2021-05-12 08:48:35,789] multiqc                                            [DEBUG  ]  No samples found: bismark
[2021-05-12 08:48:35,811] multiqc                                            [DEBUG  ]  No samples found: biscuit
[2021-05-12 08:48:35,823] multiqc                                            [DEBUG  ]  No samples found: hicexplorer
[2021-05-12 08:48:35,829] multiqc                                            [DEBUG  ]  No samples found: hicup
[2021-05-12 08:48:35,849] multiqc                                            [DEBUG  ]  No samples found: hicpro
[2021-05-12 08:48:35,855] multiqc                                            [DEBUG  ]  No samples found: salmon
[2021-05-12 08:48:35,877] multiqc                                            [DEBUG  ]  No samples found: kallisto
[2021-05-12 08:48:35,894] multiqc                                            [DEBUG  ]  No samples found: slamdunk
[2021-05-12 08:48:35,911] multiqc                                            [DEBUG  ]  No samples found: star
[2021-05-12 08:48:35,926] multiqc                                            [DEBUG  ]  No samples found: hisat2
[2021-05-12 08:48:35,933] multiqc                                            [DEBUG  ]  No samples found: tophat
[2021-05-12 08:48:35,952] multiqc                                            [DEBUG  ]  No samples found: bowtie2
[2021-05-12 08:48:35,968] multiqc                                            [DEBUG  ]  No samples found: bowtie1
[2021-05-12 08:48:35,983] multiqc                                            [DEBUG  ]  No samples found: snpsplit
[2021-05-12 08:48:35,989] multiqc                                            [DEBUG  ]  No samples found: kat
[2021-05-12 08:48:35,996] multiqc                                            [DEBUG  ]  No samples found: leehom
[2021-05-12 08:48:36,008] multiqc                                            [DEBUG  ]  No samples found: adapterRemoval
[2021-05-12 08:48:36,014] multiqc                                            [DEBUG  ]  No samples found: clipandmerge
[2021-05-12 08:48:36,036] multiqc                                            [DEBUG  ]  No samples found: cutadapt
[2021-05-12 08:48:36,043] multiqc                                            [DEBUG  ]  No samples found: flexbar
[2021-05-12 08:48:36,062] multiqc                                            [DEBUG  ]  No samples found: kaiju
[2021-05-12 08:48:36,068] multiqc                                            [DEBUG  ]  No samples found: kraken
[2021-05-12 08:48:36,080] multiqc                                            [DEBUG  ]  No samples found: malt
[2021-05-12 08:48:36,096] multiqc                                            [DEBUG  ]  No samples found: trimmomatic
[2021-05-12 08:48:36,113] multiqc                                            [DEBUG  ]  No samples found: sickle
[2021-05-12 08:48:36,127] multiqc                                            [DEBUG  ]  No samples found: skewer
[2021-05-12 08:48:36,133] multiqc                                            [DEBUG  ]  No samples found: sortmerna
[2021-05-12 08:48:36,140] multiqc                                            [DEBUG  ]  No samples found: biobloomtools
[2021-05-12 08:48:36,156] multiqc                                            [DEBUG  ]  No samples found: fastq_screen
[2021-05-12 08:48:36,174] multiqc                                            [DEBUG  ]  No samples found: afterqc
[2021-05-12 08:48:36,181] multiqc                                            [DEBUG  ]  No samples found: fastp
[2021-05-12 08:48:36,520] multiqc.modules.fastqc.fastqc                      [INFO   ]  Found 12 reports
[2021-05-12 08:48:36,658] multiqc                                            [DEBUG  ]  No samples found: pycoqc
[2021-05-12 08:48:36,681] multiqc                                            [DEBUG  ]  No samples found: minionqc
[2021-05-12 08:48:36,689] multiqc                                            [DEBUG  ]  No samples found: multivcfanalyzer
[2021-05-12 08:48:36,704] multiqc                                            [DEBUG  ]  No samples found: clusterflow
[2021-05-12 08:48:36,725] multiqc                                            [DEBUG  ]  No samples found: bcl2fastq
[2021-05-12 08:48:36,742] multiqc                                            [DEBUG  ]  No samples found: interop
[2021-05-12 08:48:36,761] multiqc                                            [DEBUG  ]  No samples found: ivar
[2021-05-12 08:48:36,779] multiqc                                            [DEBUG  ]  No samples found: flash
[2021-05-12 08:48:36,800] multiqc                                            [DEBUG  ]  No samples found: seqyclean
[2021-05-12 08:48:36,809] multiqc                                            [INFO   ]  Compressing plot data
[2021-05-12 08:48:36,951] multiqc                                            [INFO   ]  Report      : PRJNA176940/QC_aggregated/multiqc_report.html
[2021-05-12 08:48:36,951] multiqc                                            [INFO   ]  Data        : PRJNA176940/QC_aggregated/multiqc_data
[2021-05-12 08:48:36,951] multiqc                                            [DEBUG  ]  Moving data file from '/tmp/tmp42daqza7/multiqc_data' to 'PRJNA176940/QC_aggregated/multiqc_data'
[2021-05-12 08:48:37,385] multiqc                                            [INFO   ]  MultiQC complete
